{"total": {"lines":{"total":3611,"covered":1679,"skipped":0,"pct":46.49},"statements":{"total":3909,"covered":1765,"skipped":0,"pct":45.15},"functions":{"total":731,"covered":345,"skipped":0,"pct":47.19},"branches":{"total":2437,"covered":935,"skipped":0,"pct":38.36},"branchesTrue":{"total":0,"covered":0,"skipped":0,"pct":100}}
,"/Users/eyan/project/WerewolfGameJudge/src/testids.ts": {"lines":{"total":2,"covered":2,"skipped":0,"pct":100},"functions":{"total":1,"covered":1,"skipped":0,"pct":100},"statements":{"total":2,"covered":2,"skipped":0,"pct":100},"branches":{"total":0,"covered":0,"skipped":0,"pct":100}}
,"/Users/eyan/project/WerewolfGameJudge/src/components/AlertModal.tsx": {"lines":{"total":10,"covered":10,"skipped":0,"pct":100},"functions":{"total":5,"covered":5,"skipped":0,"pct":100},"statements":{"total":10,"covered":10,"skipped":0,"pct":100},"branches":{"total":12,"covered":12,"skipped":0,"pct":100}}
,"/Users/eyan/project/WerewolfGameJudge/src/components/Avatar.tsx": {"lines":{"total":6,"covered":6,"skipped":0,"pct":100},"functions":{"total":1,"covered":1,"skipped":0,"pct":100},"statements":{"total":6,"covered":6,"skipped":0,"pct":100},"branches":{"total":4,"covered":4,"skipped":0,"pct":100}}
,"/Users/eyan/project/WerewolfGameJudge/src/components/PromptModal.tsx": {"lines":{"total":9,"covered":0,"skipped":0,"pct":0},"functions":{"total":3,"covered":0,"skipped":0,"pct":0},"statements":{"total":9,"covered":0,"skipped":0,"pct":0},"branches":{"total":6,"covered":0,"skipped":0,"pct":0}}
,"/Users/eyan/project/WerewolfGameJudge/src/components/index.ts": {"lines":{"total":0,"covered":0,"skipped":0,"pct":100},"functions":{"total":0,"covered":0,"skipped":0,"pct":100},"statements":{"total":0,"covered":0,"skipped":0,"pct":100},"branches":{"total":0,"covered":0,"skipped":0,"pct":100}}
,"/Users/eyan/project/WerewolfGameJudge/src/components/Button/Button.tsx": {"lines":{"total":7,"covered":7,"skipped":0,"pct":100},"functions":{"total":1,"covered":1,"skipped":0,"pct":100},"statements":{"total":7,"covered":7,"skipped":0,"pct":100},"branches":{"total":14,"covered":13,"skipped":0,"pct":92.85}}
,"/Users/eyan/project/WerewolfGameJudge/src/components/Button/index.ts": {"lines":{"total":0,"covered":0,"skipped":0,"pct":100},"functions":{"total":0,"covered":0,"skipped":0,"pct":100},"statements":{"total":0,"covered":0,"skipped":0,"pct":100},"branches":{"total":0,"covered":0,"skipped":0,"pct":100}}
,"/Users/eyan/project/WerewolfGameJudge/src/config/supabase.ts": {"lines":{"total":28,"covered":0,"skipped":0,"pct":0},"functions":{"total":5,"covered":0,"skipped":0,"pct":0},"statements":{"total":28,"covered":0,"skipped":0,"pct":0},"branches":{"total":12,"covered":0,"skipped":0,"pct":0}}
,"/Users/eyan/project/WerewolfGameJudge/src/constants/index.ts": {"lines":{"total":1,"covered":0,"skipped":0,"pct":0},"functions":{"total":0,"covered":0,"skipped":0,"pct":100},"statements":{"total":1,"covered":0,"skipped":0,"pct":0},"branches":{"total":0,"covered":0,"skipped":0,"pct":100}}
,"/Users/eyan/project/WerewolfGameJudge/src/constants/theme.ts": {"lines":{"total":5,"covered":5,"skipped":0,"pct":100},"functions":{"total":0,"covered":0,"skipped":0,"pct":100},"statements":{"total":5,"covered":5,"skipped":0,"pct":100},"branches":{"total":0,"covered":0,"skipped":0,"pct":100}}
,"/Users/eyan/project/WerewolfGameJudge/src/contexts/NetworkContext.tsx": {"lines":{"total":50,"covered":0,"skipped":0,"pct":0},"functions":{"total":12,"covered":0,"skipped":0,"pct":0},"statements":{"total":52,"covered":0,"skipped":0,"pct":0},"branches":{"total":21,"covered":0,"skipped":0,"pct":0}}
,"/Users/eyan/project/WerewolfGameJudge/src/contexts/index.ts": {"lines":{"total":0,"covered":0,"skipped":0,"pct":100},"functions":{"total":0,"covered":0,"skipped":0,"pct":100},"statements":{"total":0,"covered":0,"skipped":0,"pct":100},"branches":{"total":0,"covered":0,"skipped":0,"pct":100}}
,"/Users/eyan/project/WerewolfGameJudge/src/hooks/index.ts": {"lines":{"total":0,"covered":0,"skipped":0,"pct":100},"functions":{"total":0,"covered":0,"skipped":0,"pct":100},"statements":{"total":0,"covered":0,"skipped":0,"pct":100},"branches":{"total":0,"covered":0,"skipped":0,"pct":100}}
,"/Users/eyan/project/WerewolfGameJudge/src/hooks/useAuth.ts": {"lines":{"total":87,"covered":66,"skipped":0,"pct":75.86},"functions":{"total":12,"covered":9,"skipped":0,"pct":75},"statements":{"total":88,"covered":66,"skipped":0,"pct":75},"branches":{"total":28,"covered":15,"skipped":0,"pct":53.57}}
,"/Users/eyan/project/WerewolfGameJudge/src/hooks/useGameRoom.ts": {"lines":{"total":181,"covered":0,"skipped":0,"pct":0},"functions":{"total":43,"covered":0,"skipped":0,"pct":0},"statements":{"total":195,"covered":0,"skipped":0,"pct":0},"branches":{"total":68,"covered":0,"skipped":0,"pct":0}}
,"/Users/eyan/project/WerewolfGameJudge/src/hooks/useNetworkAction.ts": {"lines":{"total":24,"covered":0,"skipped":0,"pct":0},"functions":{"total":10,"covered":0,"skipped":0,"pct":0},"statements":{"total":24,"covered":0,"skipped":0,"pct":0},"branches":{"total":6,"covered":0,"skipped":0,"pct":0}}
,"/Users/eyan/project/WerewolfGameJudge/src/models/Player.ts": {"lines":{"total":9,"covered":9,"skipped":0,"pct":100},"functions":{"total":5,"covered":5,"skipped":0,"pct":100},"statements":{"total":11,"covered":11,"skipped":0,"pct":100},"branches":{"total":7,"covered":6,"skipped":0,"pct":85.71}}
,"/Users/eyan/project/WerewolfGameJudge/src/models/Room.ts": {"lines":{"total":360,"covered":147,"skipped":0,"pct":40.83},"functions":{"total":68,"covered":26,"skipped":0,"pct":38.23},"statements":{"total":407,"covered":162,"skipped":0,"pct":39.8},"branches":{"total":299,"covered":93,"skipped":0,"pct":31.1}}
,"/Users/eyan/project/WerewolfGameJudge/src/models/Template.ts": {"lines":{"total":25,"covered":25,"skipped":0,"pct":100},"functions":{"total":11,"covered":11,"skipped":0,"pct":100},"statements":{"total":30,"covered":30,"skipped":0,"pct":100},"branches":{"total":6,"covered":6,"skipped":0,"pct":100}}
,"/Users/eyan/project/WerewolfGameJudge/src/models/index.ts": {"lines":{"total":0,"covered":0,"skipped":0,"pct":100},"functions":{"total":0,"covered":0,"skipped":0,"pct":100},"statements":{"total":0,"covered":0,"skipped":0,"pct":100},"branches":{"total":0,"covered":0,"skipped":0,"pct":100}}
,"/Users/eyan/project/WerewolfGameJudge/src/models/actions/RoleAction.ts": {"lines":{"total":11,"covered":8,"skipped":0,"pct":72.72},"functions":{"total":9,"covered":7,"skipped":0,"pct":77.77},"statements":{"total":13,"covered":10,"skipped":0,"pct":76.92},"branches":{"total":4,"covered":3,"skipped":0,"pct":75}}
,"/Users/eyan/project/WerewolfGameJudge/src/models/actions/WitchAction.ts": {"lines":{"total":10,"covered":10,"skipped":0,"pct":100},"functions":{"total":8,"covered":8,"skipped":0,"pct":100},"statements":{"total":12,"covered":12,"skipped":0,"pct":100},"branches":{"total":8,"covered":8,"skipped":0,"pct":100}}
,"/Users/eyan/project/WerewolfGameJudge/src/models/actions/index.ts": {"lines":{"total":0,"covered":0,"skipped":0,"pct":100},"functions":{"total":0,"covered":0,"skipped":0,"pct":100},"statements":{"total":0,"covered":0,"skipped":0,"pct":100},"branches":{"total":0,"covered":0,"skipped":0,"pct":100}}
,"/Users/eyan/project/WerewolfGameJudge/src/models/roles/index.ts": {"lines":{"total":45,"covered":44,"skipped":0,"pct":97.77},"functions":{"total":17,"covered":17,"skipped":0,"pct":100},"statements":{"total":59,"covered":48,"skipped":0,"pct":81.35},"branches":{"total":40,"covered":24,"skipped":0,"pct":60}}
,"/Users/eyan/project/WerewolfGameJudge/src/models/roles/spec/index.ts": {"lines":{"total":0,"covered":0,"skipped":0,"pct":100},"functions":{"total":0,"covered":0,"skipped":0,"pct":100},"statements":{"total":0,"covered":0,"skipped":0,"pct":100},"branches":{"total":0,"covered":0,"skipped":0,"pct":100}}
,"/Users/eyan/project/WerewolfGameJudge/src/models/roles/spec/nightSteps.ts": {"lines":{"total":10,"covered":9,"skipped":0,"pct":90},"functions":{"total":8,"covered":8,"skipped":0,"pct":100},"statements":{"total":13,"covered":12,"skipped":0,"pct":92.3},"branches":{"total":2,"covered":1,"skipped":0,"pct":50}}
,"/Users/eyan/project/WerewolfGameJudge/src/models/roles/spec/nightSteps.types.ts": {"lines":{"total":0,"covered":0,"skipped":0,"pct":100},"functions":{"total":0,"covered":0,"skipped":0,"pct":100},"statements":{"total":0,"covered":0,"skipped":0,"pct":100},"branches":{"total":0,"covered":0,"skipped":0,"pct":100}}
,"/Users/eyan/project/WerewolfGameJudge/src/models/roles/spec/plan.ts": {"lines":{"total":10,"covered":9,"skipped":0,"pct":90},"functions":{"total":6,"covered":4,"skipped":0,"pct":66.66},"statements":{"total":12,"covered":10,"skipped":0,"pct":83.33},"branches":{"total":2,"covered":2,"skipped":0,"pct":100}}
,"/Users/eyan/project/WerewolfGameJudge/src/models/roles/spec/plan.types.ts": {"lines":{"total":2,"covered":2,"skipped":0,"pct":100},"functions":{"total":1,"covered":1,"skipped":0,"pct":100},"statements":{"total":2,"covered":2,"skipped":0,"pct":100},"branches":{"total":0,"covered":0,"skipped":0,"pct":100}}
,"/Users/eyan/project/WerewolfGameJudge/src/models/roles/spec/schema.types.ts": {"lines":{"total":0,"covered":0,"skipped":0,"pct":100},"functions":{"total":0,"covered":0,"skipped":0,"pct":100},"statements":{"total":0,"covered":0,"skipped":0,"pct":100},"branches":{"total":0,"covered":0,"skipped":0,"pct":100}}
,"/Users/eyan/project/WerewolfGameJudge/src/models/roles/spec/schemas.ts": {"lines":{"total":4,"covered":3,"skipped":0,"pct":75},"functions":{"total":3,"covered":2,"skipped":0,"pct":66.66},"statements":{"total":4,"covered":3,"skipped":0,"pct":75},"branches":{"total":0,"covered":0,"skipped":0,"pct":100}}
,"/Users/eyan/project/WerewolfGameJudge/src/models/roles/spec/spec.types.ts": {"lines":{"total":0,"covered":0,"skipped":0,"pct":100},"functions":{"total":0,"covered":0,"skipped":0,"pct":100},"statements":{"total":0,"covered":0,"skipped":0,"pct":100},"branches":{"total":0,"covered":0,"skipped":0,"pct":100}}
,"/Users/eyan/project/WerewolfGameJudge/src/models/roles/spec/specs.ts": {"lines":{"total":8,"covered":4,"skipped":0,"pct":50},"functions":{"total":4,"covered":3,"skipped":0,"pct":75},"statements":{"total":8,"covered":4,"skipped":0,"pct":50},"branches":{"total":0,"covered":0,"skipped":0,"pct":100}}
,"/Users/eyan/project/WerewolfGameJudge/src/models/roles/spec/types.ts": {"lines":{"total":1,"covered":1,"skipped":0,"pct":100},"functions":{"total":1,"covered":1,"skipped":0,"pct":100},"statements":{"total":1,"covered":1,"skipped":0,"pct":100},"branches":{"total":2,"covered":2,"skipped":0,"pct":100}}
,"/Users/eyan/project/WerewolfGameJudge/src/models/roles/spec/wolfMeetingVoteConfig.ts": {"lines":{"total":1,"covered":1,"skipped":0,"pct":100},"functions":{"total":0,"covered":0,"skipped":0,"pct":100},"statements":{"total":1,"covered":1,"skipped":0,"pct":100},"branches":{"total":0,"covered":0,"skipped":0,"pct":100}}
,"/Users/eyan/project/WerewolfGameJudge/src/navigation/AppNavigator.tsx": {"lines":{"total":4,"covered":0,"skipped":0,"pct":0},"functions":{"total":1,"covered":0,"skipped":0,"pct":0},"statements":{"total":4,"covered":0,"skipped":0,"pct":0},"branches":{"total":0,"covered":0,"skipped":0,"pct":100}}
,"/Users/eyan/project/WerewolfGameJudge/src/navigation/index.ts": {"lines":{"total":0,"covered":0,"skipped":0,"pct":100},"functions":{"total":0,"covered":0,"skipped":0,"pct":100},"statements":{"total":0,"covered":0,"skipped":0,"pct":100},"branches":{"total":0,"covered":0,"skipped":0,"pct":100}}
,"/Users/eyan/project/WerewolfGameJudge/src/navigation/types.ts": {"lines":{"total":0,"covered":0,"skipped":0,"pct":100},"functions":{"total":0,"covered":0,"skipped":0,"pct":100},"statements":{"total":0,"covered":0,"skipped":0,"pct":100},"branches":{"total":0,"covered":0,"skipped":0,"pct":100}}
,"/Users/eyan/project/WerewolfGameJudge/src/screens/index.ts": {"lines":{"total":0,"covered":0,"skipped":0,"pct":100},"functions":{"total":0,"covered":0,"skipped":0,"pct":100},"statements":{"total":0,"covered":0,"skipped":0,"pct":100},"branches":{"total":0,"covered":0,"skipped":0,"pct":100}}
,"/Users/eyan/project/WerewolfGameJudge/src/screens/ConfigScreen/ConfigScreen.styles.ts": {"lines":{"total":1,"covered":1,"skipped":0,"pct":100},"functions":{"total":0,"covered":0,"skipped":0,"pct":100},"statements":{"total":1,"covered":1,"skipped":0,"pct":100},"branches":{"total":0,"covered":0,"skipped":0,"pct":100}}
,"/Users/eyan/project/WerewolfGameJudge/src/screens/ConfigScreen/ConfigScreen.tsx": {"lines":{"total":85,"covered":31,"skipped":0,"pct":36.47},"functions":{"total":23,"covered":7,"skipped":0,"pct":30.43},"statements":{"total":93,"covered":32,"skipped":0,"pct":34.4},"branches":{"total":44,"covered":13,"skipped":0,"pct":29.54}}
,"/Users/eyan/project/WerewolfGameJudge/src/screens/ConfigScreen/index.ts": {"lines":{"total":0,"covered":0,"skipped":0,"pct":100},"functions":{"total":0,"covered":0,"skipped":0,"pct":100},"statements":{"total":0,"covered":0,"skipped":0,"pct":100},"branches":{"total":0,"covered":0,"skipped":0,"pct":100}}
,"/Users/eyan/project/WerewolfGameJudge/src/screens/HomeScreen/HomeScreen.styles.ts": {"lines":{"total":1,"covered":1,"skipped":0,"pct":100},"functions":{"total":0,"covered":0,"skipped":0,"pct":100},"statements":{"total":1,"covered":1,"skipped":0,"pct":100},"branches":{"total":0,"covered":0,"skipped":0,"pct":100}}
,"/Users/eyan/project/WerewolfGameJudge/src/screens/HomeScreen/HomeScreen.tsx": {"lines":{"total":124,"covered":48,"skipped":0,"pct":38.7},"functions":{"total":33,"covered":13,"skipped":0,"pct":39.39},"statements":{"total":131,"covered":51,"skipped":0,"pct":38.93},"branches":{"total":86,"covered":25,"skipped":0,"pct":29.06}}
,"/Users/eyan/project/WerewolfGameJudge/src/screens/HomeScreen/index.ts": {"lines":{"total":0,"covered":0,"skipped":0,"pct":100},"functions":{"total":0,"covered":0,"skipped":0,"pct":100},"statements":{"total":0,"covered":0,"skipped":0,"pct":100},"branches":{"total":0,"covered":0,"skipped":0,"pct":100}}
,"/Users/eyan/project/WerewolfGameJudge/src/screens/RoomScreen/HostControlButtons.tsx": {"lines":{"total":3,"covered":0,"skipped":0,"pct":0},"functions":{"total":1,"covered":0,"skipped":0,"pct":0},"statements":{"total":4,"covered":0,"skipped":0,"pct":0},"branches":{"total":14,"covered":0,"skipped":0,"pct":0}}
,"/Users/eyan/project/WerewolfGameJudge/src/screens/RoomScreen/RoomScreen.helpers.ts": {"lines":{"total":52,"covered":49,"skipped":0,"pct":94.23},"functions":{"total":10,"covered":10,"skipped":0,"pct":100},"statements":{"total":54,"covered":50,"skipped":0,"pct":92.59},"branches":{"total":63,"covered":54,"skipped":0,"pct":85.71}}
,"/Users/eyan/project/WerewolfGameJudge/src/screens/RoomScreen/RoomScreen.styles.ts": {"lines":{"total":4,"covered":0,"skipped":0,"pct":0},"functions":{"total":0,"covered":0,"skipped":0,"pct":100},"statements":{"total":4,"covered":0,"skipped":0,"pct":0},"branches":{"total":0,"covered":0,"skipped":0,"pct":100}}
,"/Users/eyan/project/WerewolfGameJudge/src/screens/RoomScreen/RoomScreen.tsx": {"lines":{"total":252,"covered":0,"skipped":0,"pct":0},"functions":{"total":53,"covered":0,"skipped":0,"pct":0},"statements":{"total":277,"covered":0,"skipped":0,"pct":0},"branches":{"total":267,"covered":0,"skipped":0,"pct":0}}
,"/Users/eyan/project/WerewolfGameJudge/src/screens/RoomScreen/index.ts": {"lines":{"total":0,"covered":0,"skipped":0,"pct":100},"functions":{"total":0,"covered":0,"skipped":0,"pct":100},"statements":{"total":0,"covered":0,"skipped":0,"pct":100},"branches":{"total":0,"covered":0,"skipped":0,"pct":100}}
,"/Users/eyan/project/WerewolfGameJudge/src/screens/RoomScreen/useRoomActionDialogs.ts": {"lines":{"total":28,"covered":0,"skipped":0,"pct":0},"functions":{"total":11,"covered":0,"skipped":0,"pct":0},"statements":{"total":28,"covered":0,"skipped":0,"pct":0},"branches":{"total":6,"covered":0,"skipped":0,"pct":0}}
,"/Users/eyan/project/WerewolfGameJudge/src/screens/RoomScreen/useRoomHostDialogs.ts": {"lines":{"total":34,"covered":0,"skipped":0,"pct":0},"functions":{"total":14,"covered":0,"skipped":0,"pct":0},"statements":{"total":36,"covered":0,"skipped":0,"pct":0},"branches":{"total":8,"covered":0,"skipped":0,"pct":0}}
,"/Users/eyan/project/WerewolfGameJudge/src/screens/RoomScreen/useRoomSeatDialogs.ts": {"lines":{"total":30,"covered":0,"skipped":0,"pct":0},"functions":{"total":8,"covered":0,"skipped":0,"pct":0},"statements":{"total":32,"covered":0,"skipped":0,"pct":0},"branches":{"total":10,"covered":0,"skipped":0,"pct":0}}
,"/Users/eyan/project/WerewolfGameJudge/src/screens/RoomScreen/components/PlayerGrid.tsx": {"lines":{"total":5,"covered":0,"skipped":0,"pct":0},"functions":{"total":3,"covered":0,"skipped":0,"pct":0},"statements":{"total":5,"covered":0,"skipped":0,"pct":0},"branches":{"total":29,"covered":0,"skipped":0,"pct":0}}
,"/Users/eyan/project/WerewolfGameJudge/src/screens/RoomScreen/hooks/index.ts": {"lines":{"total":0,"covered":0,"skipped":0,"pct":100},"functions":{"total":0,"covered":0,"skipped":0,"pct":100},"statements":{"total":0,"covered":0,"skipped":0,"pct":100},"branches":{"total":0,"covered":0,"skipped":0,"pct":100}}
,"/Users/eyan/project/WerewolfGameJudge/src/screens/RoomScreen/hooks/useActionerState.ts": {"lines":{"total":2,"covered":2,"skipped":0,"pct":100},"functions":{"total":2,"covered":2,"skipped":0,"pct":100},"statements":{"total":2,"covered":2,"skipped":0,"pct":100},"branches":{"total":0,"covered":0,"skipped":0,"pct":100}}
,"/Users/eyan/project/WerewolfGameJudge/src/screens/RoomScreen/hooks/useRoomActions.ts": {"lines":{"total":77,"covered":0,"skipped":0,"pct":0},"functions":{"total":12,"covered":0,"skipped":0,"pct":0},"statements":{"total":92,"covered":0,"skipped":0,"pct":0},"branches":{"total":83,"covered":0,"skipped":0,"pct":0}}
,"/Users/eyan/project/WerewolfGameJudge/src/screens/RoomScreen/hooks/useRoomInit.ts": {"lines":{"total":37,"covered":0,"skipped":0,"pct":0},"functions":{"total":7,"covered":0,"skipped":0,"pct":0},"statements":{"total":39,"covered":0,"skipped":0,"pct":0},"branches":{"total":18,"covered":0,"skipped":0,"pct":0}}
,"/Users/eyan/project/WerewolfGameJudge/src/screens/SettingsScreen/SettingsScreen.styles.ts": {"lines":{"total":1,"covered":1,"skipped":0,"pct":100},"functions":{"total":0,"covered":0,"skipped":0,"pct":100},"statements":{"total":1,"covered":1,"skipped":0,"pct":100},"branches":{"total":0,"covered":0,"skipped":0,"pct":100}}
,"/Users/eyan/project/WerewolfGameJudge/src/screens/SettingsScreen/SettingsScreen.tsx": {"lines":{"total":105,"covered":35,"skipped":0,"pct":33.33},"functions":{"total":19,"covered":5,"skipped":0,"pct":26.31},"statements":{"total":106,"covered":35,"skipped":0,"pct":33.01},"branches":{"total":75,"covered":9,"skipped":0,"pct":12}}
,"/Users/eyan/project/WerewolfGameJudge/src/screens/SettingsScreen/index.ts": {"lines":{"total":0,"covered":0,"skipped":0,"pct":100},"functions":{"total":0,"covered":0,"skipped":0,"pct":100},"statements":{"total":0,"covered":0,"skipped":0,"pct":100},"branches":{"total":0,"covered":0,"skipped":0,"pct":100}}
,"/Users/eyan/project/WerewolfGameJudge/src/services/AudioService.ts": {"lines":{"total":74,"covered":67,"skipped":0,"pct":90.54},"functions":{"total":20,"covered":19,"skipped":0,"pct":95},"statements":{"total":75,"covered":67,"skipped":0,"pct":89.33},"branches":{"total":24,"covered":19,"skipped":0,"pct":79.16}}
,"/Users/eyan/project/WerewolfGameJudge/src/services/AuthService.ts": {"lines":{"total":78,"covered":38,"skipped":0,"pct":48.71},"functions":{"total":23,"covered":23,"skipped":0,"pct":100},"statements":{"total":90,"covered":46,"skipped":0,"pct":51.11},"branches":{"total":60,"covered":17,"skipped":0,"pct":28.33}}
,"/Users/eyan/project/WerewolfGameJudge/src/services/AvatarUploadService.ts": {"lines":{"total":44,"covered":8,"skipped":0,"pct":18.18},"functions":{"total":10,"covered":5,"skipped":0,"pct":50},"statements":{"total":47,"covered":8,"skipped":0,"pct":17.02},"branches":{"total":22,"covered":4,"skipped":0,"pct":18.18}}
,"/Users/eyan/project/WerewolfGameJudge/src/services/BroadcastService.ts": {"lines":{"total":97,"covered":10,"skipped":0,"pct":10.3},"functions":{"total":24,"covered":2,"skipped":0,"pct":8.33},"statements":{"total":99,"covered":10,"skipped":0,"pct":10.1},"branches":{"total":48,"covered":1,"skipped":0,"pct":2.08}}
,"/Users/eyan/project/WerewolfGameJudge/src/services/DeathCalculator.ts": {"lines":{"total":67,"covered":67,"skipped":0,"pct":100},"functions":{"total":8,"covered":8,"skipped":0,"pct":100},"statements":{"total":77,"covered":77,"skipped":0,"pct":100},"branches":{"total":66,"covered":65,"skipped":0,"pct":98.48}}
,"/Users/eyan/project/WerewolfGameJudge/src/services/GameStateService.ts": {"lines":{"total":933,"covered":540,"skipped":0,"pct":57.87},"functions":{"total":126,"covered":73,"skipped":0,"pct":57.93},"statements":{"total":1015,"covered":555,"skipped":0,"pct":54.67},"branches":{"total":576,"covered":302,"skipped":0,"pct":52.43}}
,"/Users/eyan/project/WerewolfGameJudge/src/services/NightFlowController.ts": {"lines":{"total":68,"covered":62,"skipped":0,"pct":91.17},"functions":{"total":22,"covered":22,"skipped":0,"pct":100},"statements":{"total":69,"covered":63,"skipped":0,"pct":91.3},"branches":{"total":32,"covered":26,"skipped":0,"pct":81.25}}
,"/Users/eyan/project/WerewolfGameJudge/src/services/SimplifiedRoomService.ts": {"lines":{"total":53,"covered":0,"skipped":0,"pct":0},"functions":{"total":10,"covered":0,"skipped":0,"pct":0},"statements":{"total":55,"covered":0,"skipped":0,"pct":0},"branches":{"total":35,"covered":0,"skipped":0,"pct":0}}
,"/Users/eyan/project/WerewolfGameJudge/src/services/WolfVoteResolver.ts": {"lines":{"total":20,"covered":20,"skipped":0,"pct":100},"functions":{"total":1,"covered":1,"skipped":0,"pct":100},"statements":{"total":20,"covered":20,"skipped":0,"pct":100},"branches":{"total":12,"covered":12,"skipped":0,"pct":100}}
,"/Users/eyan/project/WerewolfGameJudge/src/services/index.ts": {"lines":{"total":0,"covered":0,"skipped":0,"pct":100},"functions":{"total":0,"covered":0,"skipped":0,"pct":100},"statements":{"total":0,"covered":0,"skipped":0,"pct":100},"branches":{"total":0,"covered":0,"skipped":0,"pct":100}}
,"/Users/eyan/project/WerewolfGameJudge/src/services/__tests__/boards/hostGameFactory.ts": {"lines":{"total":163,"covered":133,"skipped":0,"pct":81.59},"functions":{"total":26,"covered":22,"skipped":0,"pct":84.61},"statements":{"total":185,"covered":144,"skipped":0,"pct":77.83},"branches":{"total":112,"covered":67,"skipped":0,"pct":59.82}}
,"/Users/eyan/project/WerewolfGameJudge/src/services/night/resolvers/constraintValidator.ts": {"lines":{"total":8,"covered":7,"skipped":0,"pct":87.5},"functions":{"total":1,"covered":1,"skipped":0,"pct":100},"statements":{"total":8,"covered":7,"skipped":0,"pct":87.5},"branches":{"total":4,"covered":3,"skipped":0,"pct":75}}
,"/Users/eyan/project/WerewolfGameJudge/src/services/night/resolvers/darkWolfKing.ts": {"lines":{"total":2,"covered":2,"skipped":0,"pct":100},"functions":{"total":1,"covered":1,"skipped":0,"pct":100},"statements":{"total":2,"covered":2,"skipped":0,"pct":100},"branches":{"total":0,"covered":0,"skipped":0,"pct":100}}
,"/Users/eyan/project/WerewolfGameJudge/src/services/night/resolvers/dreamcatcher.ts": {"lines":{"total":12,"covered":10,"skipped":0,"pct":83.33},"functions":{"total":1,"covered":1,"skipped":0,"pct":100},"statements":{"total":12,"covered":10,"skipped":0,"pct":83.33},"branches":{"total":8,"covered":6,"skipped":0,"pct":75}}
,"/Users/eyan/project/WerewolfGameJudge/src/services/night/resolvers/gargoyle.ts": {"lines":{"total":15,"covered":15,"skipped":0,"pct":100},"functions":{"total":1,"covered":1,"skipped":0,"pct":100},"statements":{"total":15,"covered":15,"skipped":0,"pct":100},"branches":{"total":10,"covered":10,"skipped":0,"pct":100}}
,"/Users/eyan/project/WerewolfGameJudge/src/services/night/resolvers/guard.ts": {"lines":{"total":8,"covered":6,"skipped":0,"pct":75},"functions":{"total":1,"covered":1,"skipped":0,"pct":100},"statements":{"total":8,"covered":6,"skipped":0,"pct":75},"branches":{"total":6,"covered":4,"skipped":0,"pct":66.66}}
,"/Users/eyan/project/WerewolfGameJudge/src/services/night/resolvers/hunter.ts": {"lines":{"total":2,"covered":2,"skipped":0,"pct":100},"functions":{"total":1,"covered":1,"skipped":0,"pct":100},"statements":{"total":2,"covered":2,"skipped":0,"pct":100},"branches":{"total":0,"covered":0,"skipped":0,"pct":100}}
,"/Users/eyan/project/WerewolfGameJudge/src/services/night/resolvers/index.ts": {"lines":{"total":1,"covered":0,"skipped":0,"pct":0},"functions":{"total":0,"covered":0,"skipped":0,"pct":100},"statements":{"total":1,"covered":0,"skipped":0,"pct":0},"branches":{"total":0,"covered":0,"skipped":0,"pct":100}}
,"/Users/eyan/project/WerewolfGameJudge/src/services/night/resolvers/magician.ts": {"lines":{"total":15,"covered":15,"skipped":0,"pct":100},"functions":{"total":1,"covered":1,"skipped":0,"pct":100},"statements":{"total":15,"covered":15,"skipped":0,"pct":100},"branches":{"total":14,"covered":14,"skipped":0,"pct":100}}
,"/Users/eyan/project/WerewolfGameJudge/src/services/night/resolvers/nightmare.ts": {"lines":{"total":11,"covered":9,"skipped":0,"pct":81.81},"functions":{"total":1,"covered":1,"skipped":0,"pct":100},"statements":{"total":11,"covered":9,"skipped":0,"pct":81.81},"branches":{"total":8,"covered":6,"skipped":0,"pct":75}}
,"/Users/eyan/project/WerewolfGameJudge/src/services/night/resolvers/psychic.ts": {"lines":{"total":15,"covered":15,"skipped":0,"pct":100},"functions":{"total":1,"covered":1,"skipped":0,"pct":100},"statements":{"total":15,"covered":15,"skipped":0,"pct":100},"branches":{"total":10,"covered":10,"skipped":0,"pct":100}}
,"/Users/eyan/project/WerewolfGameJudge/src/services/night/resolvers/seer.ts": {"lines":{"total":17,"covered":17,"skipped":0,"pct":100},"functions":{"total":1,"covered":1,"skipped":0,"pct":100},"statements":{"total":17,"covered":17,"skipped":0,"pct":100},"branches":{"total":10,"covered":10,"skipped":0,"pct":100}}
,"/Users/eyan/project/WerewolfGameJudge/src/services/night/resolvers/slacker.ts": {"lines":{"total":14,"covered":8,"skipped":0,"pct":57.14},"functions":{"total":1,"covered":1,"skipped":0,"pct":100},"statements":{"total":14,"covered":8,"skipped":0,"pct":57.14},"branches":{"total":10,"covered":4,"skipped":0,"pct":40}}
,"/Users/eyan/project/WerewolfGameJudge/src/services/night/resolvers/types.ts": {"lines":{"total":8,"covered":7,"skipped":0,"pct":87.5},"functions":{"total":1,"covered":1,"skipped":0,"pct":100},"statements":{"total":8,"covered":7,"skipped":0,"pct":87.5},"branches":{"total":6,"covered":5,"skipped":0,"pct":83.33}}
,"/Users/eyan/project/WerewolfGameJudge/src/services/night/resolvers/witch.ts": {"lines":{"total":30,"covered":30,"skipped":0,"pct":100},"functions":{"total":3,"covered":3,"skipped":0,"pct":100},"statements":{"total":30,"covered":30,"skipped":0,"pct":100},"branches":{"total":38,"covered":36,"skipped":0,"pct":94.73}}
,"/Users/eyan/project/WerewolfGameJudge/src/services/night/resolvers/wolf.ts": {"lines":{"total":11,"covered":8,"skipped":0,"pct":72.72},"functions":{"total":1,"covered":1,"skipped":0,"pct":100},"statements":{"total":11,"covered":8,"skipped":0,"pct":72.72},"branches":{"total":8,"covered":5,"skipped":0,"pct":62.5}}
,"/Users/eyan/project/WerewolfGameJudge/src/services/night/resolvers/wolfQueen.ts": {"lines":{"total":14,"covered":9,"skipped":0,"pct":64.28},"functions":{"total":1,"covered":1,"skipped":0,"pct":100},"statements":{"total":14,"covered":9,"skipped":0,"pct":64.28},"branches":{"total":10,"covered":5,"skipped":0,"pct":50}}
,"/Users/eyan/project/WerewolfGameJudge/src/services/night/resolvers/wolfRobot.ts": {"lines":{"total":15,"covered":8,"skipped":0,"pct":53.33},"functions":{"total":1,"covered":1,"skipped":0,"pct":100},"statements":{"total":15,"covered":8,"skipped":0,"pct":53.33},"branches":{"total":10,"covered":4,"skipped":0,"pct":40}}
,"/Users/eyan/project/WerewolfGameJudge/src/services/types/GameStateTypes.ts": {"lines":{"total":9,"covered":1,"skipped":0,"pct":11.11},"functions":{"total":1,"covered":0,"skipped":0,"pct":0},"statements":{"total":9,"covered":1,"skipped":0,"pct":11.11},"branches":{"total":7,"covered":0,"skipped":0,"pct":0}}
,"/Users/eyan/project/WerewolfGameJudge/src/services/types/PrivateBroadcast.ts": {"lines":{"total":3,"covered":3,"skipped":0,"pct":100},"functions":{"total":1,"covered":1,"skipped":0,"pct":100},"statements":{"total":3,"covered":3,"skipped":0,"pct":100},"branches":{"total":2,"covered":2,"skipped":0,"pct":100}}
,"/Users/eyan/project/WerewolfGameJudge/src/services/types/PublicBroadcast.ts": {"lines":{"total":0,"covered":0,"skipped":0,"pct":100},"functions":{"total":0,"covered":0,"skipped":0,"pct":100},"statements":{"total":0,"covered":0,"skipped":0,"pct":100},"branches":{"total":0,"covered":0,"skipped":0,"pct":100}}
,"/Users/eyan/project/WerewolfGameJudge/src/services/types/index.ts": {"lines":{"total":0,"covered":0,"skipped":0,"pct":100},"functions":{"total":0,"covered":0,"skipped":0,"pct":100},"statements":{"total":0,"covered":0,"skipped":0,"pct":100},"branches":{"total":0,"covered":0,"skipped":0,"pct":100}}
,"/Users/eyan/project/WerewolfGameJudge/src/utils/alert.ts": {"lines":{"total":32,"covered":11,"skipped":0,"pct":34.37},"functions":{"total":7,"covered":2,"skipped":0,"pct":28.57},"statements":{"total":33,"covered":11,"skipped":0,"pct":33.33},"branches":{"total":39,"covered":7,"skipped":0,"pct":17.94}}
,"/Users/eyan/project/WerewolfGameJudge/src/utils/avatar.ts": {"lines":{"total":16,"covered":10,"skipped":0,"pct":62.5},"functions":{"total":2,"covered":1,"skipped":0,"pct":50},"statements":{"total":18,"covered":11,"skipped":0,"pct":61.11},"branches":{"total":6,"covered":1,"skipped":0,"pct":16.66}}
,"/Users/eyan/project/WerewolfGameJudge/src/utils/shuffle.ts": {"lines":{"total":5,"covered":5,"skipped":0,"pct":100},"functions":{"total":1,"covered":1,"skipped":0,"pct":100},"statements":{"total":6,"covered":6,"skipped":0,"pct":100},"branches":{"total":0,"covered":0,"skipped":0,"pct":100}}
}
